<html>
<head>
<title>TestNG:  Test</title>
<link href="../testng.css" rel="stylesheet" type="text/css" />
<link href="../my-testng.css" rel="stylesheet" type="text/css" />

<style type="text/css">
.log { display: none;} 
.stack-trace { display: none;} 
</style>
<script type="text/javascript">
<!--
function flip(e) {
  current = e.style.display;
  if (current == 'block') {
    e.style.display = 'none';
    return 0;
  }
  else {
    e.style.display = 'block';
    return 1;
  }
}

function toggleBox(szDivId, elem, msg1, msg2)
{
  var res = -1;  if (document.getElementById) {
    res = flip(document.getElementById(szDivId));
  }
  else if (document.all) {
    // this is the way old msie versions work
    res = flip(document.all[szDivId]);
  }
  if(elem) {
    if(res == 0) elem.innerHTML = msg1; else elem.innerHTML = msg2;
  }

}

function toggleAllBoxes() {
  if (document.getElementsByTagName) {
    d = document.getElementsByTagName('div');
    for (i = 0; i < d.length; i++) {
      if (d[i].className == 'log') {
        flip(d[i]);
      }
    }
  }
}

// -->
</script>

</head>
<body>
<h2 align='center'>Test</h2><table border='1' align="center">
<tr>
<td>Tests passed/Failed/Skipped:</td><td>12/2/0</td>
</tr><tr>
<td>Started on:</td><td>Tue Jun 22 09:19:57 IST 2021</td>
</tr>
<tr><td>Total time:</td><td>139 seconds (139441 ms)</td>
</tr><tr>
<td>Included groups:</td><td>regression smoke </td>
</tr><tr>
<td>Excluded groups:</td><td></td>
</tr>
</table><p/>
<small><i>(Hover the method name to see the test class name)</i></small><p/>
<table width='100%' border='1' class='invocation-failed'>
<tr><td colspan='4' align='center'><b>FAILED TESTS</b></td></tr>
<tr><td><b>Test method</b></td>
<td width="30%"><b>Exception</b></td>
<td width="10%"><b>Time (seconds)</b></td>
<td><b>Instance</b></td>
</tr>
<tr>
<td title='testPackage.HomePageTest.validateByIntroducedInDateInAscendingOrder()'><b>validateByIntroducedInDateInAscendingOrder</b><br>Test class: testPackage.HomePageTest</td>
<td><div><pre>java.text.ParseException: Unparseable date: &quot;-&quot;
	at java.base/java.text.DateFormat.parse(DateFormat.java:396)
	at testPackage.HomePageTest.validateByIntroducedInDateInAscendingOrder(HomePageTest.java:115)
	at java.base/java.util.ArrayList.forEach(ArrayList.java:1511)
... Removed 27 stack frames</pre></div><a href='#' onClick='toggleBox("stack-trace666040998", this, "Click to show all stack frames", "Click to hide stack frames")'>Click to show all stack frames</a>
<div class='stack-trace' id='stack-trace666040998'><pre>java.text.ParseException: Unparseable date: &quot;-&quot;
	at java.base/java.text.DateFormat.parse(DateFormat.java:396)
	at testPackage.HomePageTest.validateByIntroducedInDateInAscendingOrder(HomePageTest.java:115)
	at java.base/jdk.internal.reflect.NativeMethodAccessorImpl.invoke0(Native Method)
	at java.base/jdk.internal.reflect.NativeMethodAccessorImpl.invoke(NativeMethodAccessorImpl.java:64)
	at java.base/jdk.internal.reflect.DelegatingMethodAccessorImpl.invoke(DelegatingMethodAccessorImpl.java:43)
	at java.base/java.lang.reflect.Method.invoke(Method.java:564)
	at org.testng.internal.MethodInvocationHelper.invokeMethod(MethodInvocationHelper.java:133)
	at org.testng.internal.TestInvoker.invokeMethod(TestInvoker.java:598)
	at org.testng.internal.TestInvoker.invokeTestMethod(TestInvoker.java:173)
	at org.testng.internal.MethodRunner.runInSequence(MethodRunner.java:46)
	at org.testng.internal.TestInvoker$MethodInvocationAgent.invoke(TestInvoker.java:824)
	at org.testng.internal.TestInvoker.invokeTestMethods(TestInvoker.java:146)
	at org.testng.internal.TestMethodWorker.invokeTestMethods(TestMethodWorker.java:146)
	at org.testng.internal.TestMethodWorker.run(TestMethodWorker.java:128)
	at java.base/java.util.ArrayList.forEach(ArrayList.java:1511)
	at org.testng.TestRunner.privateRun(TestRunner.java:794)
	at org.testng.TestRunner.run(TestRunner.java:596)
	at org.testng.SuiteRunner.runTest(SuiteRunner.java:377)
	at org.testng.SuiteRunner.runSequentially(SuiteRunner.java:371)
	at org.testng.SuiteRunner.privateRun(SuiteRunner.java:332)
	at org.testng.SuiteRunner.run(SuiteRunner.java:276)
	at org.testng.SuiteRunnerWorker.runSuite(SuiteRunnerWorker.java:53)
	at org.testng.SuiteRunnerWorker.run(SuiteRunnerWorker.java:96)
	at org.testng.TestNG.runSuitesSequentially(TestNG.java:1212)
	at org.testng.TestNG.runSuitesLocally(TestNG.java:1134)
	at org.testng.TestNG.runSuites(TestNG.java:1063)
	at org.testng.TestNG.run(TestNG.java:1031)
	at org.testng.remote.AbstractRemoteTestNG.run(AbstractRemoteTestNG.java:115)
	at org.testng.remote.RemoteTestNG.initAndRun(RemoteTestNG.java:251)
	at org.testng.remote.RemoteTestNG.main(RemoteTestNG.java:77)
</pre></div></td>
<td>7</td>
<td>testPackage.HomePageTest@1ab3a8c8</td></tr>
<tr>
<td title='testPackage.HomePageTest.validateByDiscontinuedInDateInAscendingOrder()'><b>validateByDiscontinuedInDateInAscendingOrder</b><br>Test class: testPackage.HomePageTest</td>
<td><div><pre>java.text.ParseException: Unparseable date: &quot;-&quot;
	at java.base/java.text.DateFormat.parse(DateFormat.java:396)
	at testPackage.HomePageTest.validateByDiscontinuedInDateInAscendingOrder(HomePageTest.java:158)
	at java.base/java.util.ArrayList.forEach(ArrayList.java:1511)
... Removed 27 stack frames</pre></div><a href='#' onClick='toggleBox("stack-trace1710000932", this, "Click to show all stack frames", "Click to hide stack frames")'>Click to show all stack frames</a>
<div class='stack-trace' id='stack-trace1710000932'><pre>java.text.ParseException: Unparseable date: &quot;-&quot;
	at java.base/java.text.DateFormat.parse(DateFormat.java:396)
	at testPackage.HomePageTest.validateByDiscontinuedInDateInAscendingOrder(HomePageTest.java:158)
	at java.base/jdk.internal.reflect.NativeMethodAccessorImpl.invoke0(Native Method)
	at java.base/jdk.internal.reflect.NativeMethodAccessorImpl.invoke(NativeMethodAccessorImpl.java:64)
	at java.base/jdk.internal.reflect.DelegatingMethodAccessorImpl.invoke(DelegatingMethodAccessorImpl.java:43)
	at java.base/java.lang.reflect.Method.invoke(Method.java:564)
	at org.testng.internal.MethodInvocationHelper.invokeMethod(MethodInvocationHelper.java:133)
	at org.testng.internal.TestInvoker.invokeMethod(TestInvoker.java:598)
	at org.testng.internal.TestInvoker.invokeTestMethod(TestInvoker.java:173)
	at org.testng.internal.MethodRunner.runInSequence(MethodRunner.java:46)
	at org.testng.internal.TestInvoker$MethodInvocationAgent.invoke(TestInvoker.java:824)
	at org.testng.internal.TestInvoker.invokeTestMethods(TestInvoker.java:146)
	at org.testng.internal.TestMethodWorker.invokeTestMethods(TestMethodWorker.java:146)
	at org.testng.internal.TestMethodWorker.run(TestMethodWorker.java:128)
	at java.base/java.util.ArrayList.forEach(ArrayList.java:1511)
	at org.testng.TestRunner.privateRun(TestRunner.java:794)
	at org.testng.TestRunner.run(TestRunner.java:596)
	at org.testng.SuiteRunner.runTest(SuiteRunner.java:377)
	at org.testng.SuiteRunner.runSequentially(SuiteRunner.java:371)
	at org.testng.SuiteRunner.privateRun(SuiteRunner.java:332)
	at org.testng.SuiteRunner.run(SuiteRunner.java:276)
	at org.testng.SuiteRunnerWorker.runSuite(SuiteRunnerWorker.java:53)
	at org.testng.SuiteRunnerWorker.run(SuiteRunnerWorker.java:96)
	at org.testng.TestNG.runSuitesSequentially(TestNG.java:1212)
	at org.testng.TestNG.runSuitesLocally(TestNG.java:1134)
	at org.testng.TestNG.runSuites(TestNG.java:1063)
	at org.testng.TestNG.run(TestNG.java:1031)
	at org.testng.remote.AbstractRemoteTestNG.run(AbstractRemoteTestNG.java:115)
	at org.testng.remote.RemoteTestNG.initAndRun(RemoteTestNG.java:251)
	at org.testng.remote.RemoteTestNG.main(RemoteTestNG.java:77)
</pre></div></td>
<td>8</td>
<td>testPackage.HomePageTest@1ab3a8c8</td></tr>
</table><p>
<table width='100%' border='1' class='invocation-passed'>
<tr><td colspan='4' align='center'><b>PASSED TESTS</b></td></tr>
<tr><td><b>Test method</b></td>
<td width="30%"><b>Exception</b></td>
<td width="10%"><b>Time (seconds)</b></td>
<td><b>Instance</b></td>
</tr>
<tr>
<td title='testPackage.HomePageTest.validateByComputerNameInAscendingOrder()'><b>validateByComputerNameInAscendingOrder</b><br>Test class: testPackage.HomePageTest</td>
<td></td>
<td>7</td>
<td>testPackage.HomePageTest@1ab3a8c8</td></tr>
<tr>
<td title='testPackage.AddNewComputerTest.createNewComputer()'><b>createNewComputer</b><br>Test class: testPackage.AddNewComputerTest</td>
<td></td>
<td>10</td>
<td>testPackage.AddNewComputerTest@7c729a55</td></tr>
<tr>
<td title='testPackage.AddNewComputerTest.discontinuedDateValidation()'><b>discontinuedDateValidation</b><br>Test class: testPackage.AddNewComputerTest</td>
<td></td>
<td>11</td>
<td>testPackage.AddNewComputerTest@7c729a55</td></tr>
<tr>
<td title='testPackage.AddNewComputerTest.validateCancelButton()'><b>validateCancelButton</b><br>Test class: testPackage.AddNewComputerTest</td>
<td></td>
<td>12</td>
<td>testPackage.AddNewComputerTest@7c729a55</td></tr>
<tr>
<td title='testPackage.AddNewComputerTest.createNewComputerValidation()'><b>createNewComputerValidation</b><br>Test class: testPackage.AddNewComputerTest</td>
<td></td>
<td>11</td>
<td>testPackage.AddNewComputerTest@7c729a55</td></tr>
<tr>
<td title='testPackage.HomePageTest.validateByIntroducedInDateInDescendingOrder()'><b>validateByIntroducedInDateInDescendingOrder</b><br>Test class: testPackage.HomePageTest</td>
<td></td>
<td>9</td>
<td>testPackage.HomePageTest@1ab3a8c8</td></tr>
<tr>
<td title='testPackage.HomePageTest.validateByDiscontinuedInDateInDescendingOrder()'><b>validateByDiscontinuedInDateInDescendingOrder</b><br>Test class: testPackage.HomePageTest</td>
<td></td>
<td>9</td>
<td>testPackage.HomePageTest@1ab3a8c8</td></tr>
<tr>
<td title='testPackage.HomePageTest.validateByCompanyNameInAscendingOrder()'><b>validateByCompanyNameInAscendingOrder</b><br>Test class: testPackage.HomePageTest</td>
<td></td>
<td>9</td>
<td>testPackage.HomePageTest@1ab3a8c8</td></tr>
<tr>
<td title='testPackage.HomePageTest.validateByCompanyNameInDescendingOrder()'><b>validateByCompanyNameInDescendingOrder</b><br>Test class: testPackage.HomePageTest</td>
<td></td>
<td>10</td>
<td>testPackage.HomePageTest@1ab3a8c8</td></tr>
<tr>
<td title='testPackage.AddNewComputerTest.introducedDateValidation()'><b>introducedDateValidation</b><br>Test class: testPackage.AddNewComputerTest</td>
<td></td>
<td>10</td>
<td>testPackage.AddNewComputerTest@7c729a55</td></tr>
<tr>
<td title='testPackage.HomePageTest.filterResults()'><b>filterResults</b><br>Test class: testPackage.HomePageTest</td>
<td></td>
<td>11</td>
<td>testPackage.HomePageTest@1ab3a8c8</td></tr>
<tr>
<td title='testPackage.HomePageTest.validateByComputerNameInDescendingOrder()'><b>validateByComputerNameInDescendingOrder</b><br>Test class: testPackage.HomePageTest</td>
<td></td>
<td>8</td>
<td>testPackage.HomePageTest@1ab3a8c8</td></tr>
</table><p>
</body>
</html>